<?xml version="1.0" encoding="UTF-8"?>
<!-- Generated by org.testng.reporters.JUnitReportReporter -->
<testsuite hostname="DESKTOP-E2LP31Q" failures="0" tests="5" name="com.proj.runner.TestRunner$TestRunnerTestNG" time="78.802" errors="0" timestamp="2023-07-28T12:26:35 CDT" skipped="0">
  <testcase classname="com.proj.runner.TestRunner$TestRunnerTestNG" name="runScenario" time="18.289"/>
  <testcase classname="com.proj.runner.TestRunner$TestRunnerTestNG" name="runScenario" time="11.443"/>
  <testcase classname="com.proj.runner.TestRunner$TestRunnerTestNG" name="runScenario" time="18.642"/>
  <testcase classname="com.proj.runner.TestRunner$TestRunnerTestNG" name="runScenario" time="20.265"/>
  <testcase classname="com.proj.runner.TestRunner$TestRunnerTestNG" name="runScenario" time="10.163"/>
</testsuite> <!-- com.proj.runner.TestRunner$TestRunnerTestNG -->
