<?xml version="1.0" encoding="UTF-8"?>
<!-- Generated by org.testng.reporters.JUnitReportReporter -->
<testsuite hostname="DESKTOP-E2LP31Q" failures="0" tests="2" name="com.proj.runner.TestRunner" time="45.017" errors="0" timestamp="2023-08-02T00:11:11 CDT" skipped="0">
  <testcase classname="com.proj.runner.TestRunner" name="runScenario" time="23.348"/>
  <testcase classname="com.proj.runner.TestRunner" name="runScenario" time="21.669"/>
</testsuite> <!-- com.proj.runner.TestRunner -->
